<?xml version="1.0" encoding="UTF-8"?>
<!-- Generated by org.testng.reporters.JUnitReportReporter -->
<testsuite hostname="tejas-PC" name="testCases.ExecuteTest" tests="1" failures="0" timestamp="17 Dec 2015 12:01:21 GMT" time="18.239" errors="0">
  <testcase name="testLogin" time="18.239" classname="testCases.ExecuteTest"/>
</testsuite> <!-- testCases.ExecuteTest -->
